

Microchip MPLAB XC8 Assembler V2.36 build 20220127204148 
                                                                                               Thu Sep 28 15:15:55 2023

Microchip MPLAB XC8 C Compiler v2.36 (Free license) build 20220127204148 Og1 
     1                           	processor	16F1459
     2                           	pagewidth 120
     3                           	opt	flic
     4                           	psect	cinit,global,class=CODE,merge=1,delta=2
     5                           	psect	bssCOMMON,global,class=COMMON,space=1,delta=1,noexec
     6                           	psect	cstackCOMMON,global,class=COMMON,space=1,delta=1,noexec
     7                           	psect	maintext,global,class=CODE,merge=1,split=1,delta=2
     8                           	psect	text1,local,class=CODE,merge=1,delta=2
     9                           	psect	text2,local,class=CODE,merge=1,delta=2
    10                           	psect	text3,local,class=CODE,merge=1,delta=2
    11                           	psect	text4,local,class=CODE,merge=1,delta=2
    12                           	psect	text5,local,class=CODE,merge=1,delta=2
    13                           	psect	intentry,global,class=CODE,delta=2
    14                           	psect	idloc,global,abs,ovrld,class=IDLOC,space=5,delta=2,noexec
    15                           	psect	config,global,abs,ovrld,class=CONFIG,space=4,delta=2,noexec
    16                           	dabs	1,0x7E,2
    17  0000                     
    18                           ; Version 2.40
    19                           ; Generated 17/11/2021 GMT
    20                           ; 
    21                           ; Copyright © 2021, Microchip Technology Inc. and its subsidiaries ("Microchip")
    22                           ; All rights reserved.
    23                           ; 
    24                           ; This software is developed by Microchip Technology Inc. and its subsidiaries ("Microch
      +                          ip").
    25                           ; 
    26                           ; Redistribution and use in source and binary forms, with or without modification, are
    27                           ; permitted provided that the following conditions are met:
    28                           ; 
    29                           ;     1. Redistributions of source code must retain the above copyright notice, this lis
      +                          t of
    30                           ;        conditions and the following disclaimer.
    31                           ; 
    32                           ;     2. Redistributions in binary form must reproduce the above copyright notice, this 
      +                          list
    33                           ;        of conditions and the following disclaimer in the documentation and/or other
    34                           ;        materials provided with the distribution. Publication is not required when
    35                           ;        this file is used in an embedded application.
    36                           ; 
    37                           ;     3. Microchip's name may not be used to endorse or promote products derived from th
      +                          is
    38                           ;        software without specific prior written permission.
    39                           ; 
    40                           ; THIS SOFTWARE IS PROVIDED BY MICROCHIP "AS IS" AND ANY EXPRESS OR IMPLIED WARRANTIES,
    41                           ; INCLUDING, BUT NOT LIMITED TO, THE IMPLIED WARRANTIES OF MERCHANTABILITY AND FITNESS F
      +                          OR
    42                           ; PURPOSE ARE DISCLAIMED.  IN NO EVENT SHALL MICROCHIP BE LIABLE FOR ANY DIRECT, INDIREC
      +                          T,
    43                           ; INCIDENTAL, SPECIAL, EXEMPLARY, OR CONSEQUENTIAL DAMAGES (INCLUDING BUT NOT LIMITED TO
    44                           ; PROCUREMENT OF SUBSTITUTE GOODS OR SERVICES; LOSS OF USE, DATA OR PROFITS; OR BUSINESS
    45                           ; INTERRUPTION) HOWSOEVER CAUSED AND ON ANY THEORY OF LIABILITY, WHETHER IN CONTRACT, ST
      +                          RICT
    46                           ; LIABILITY, OR TORT (INCLUDING NEGLIGENCE OR OTHERWISE) ARISING IN ANY WAY OUT OF THE U
      +                          SE OF
    47                           ; THIS SOFTWARE, EVEN IF ADVISED OF THE POSSIBILITY OF SUCH DAMAGE.
    48                           ; 
    49                           ; 
    50                           ; Code-generator required, PIC16F1459 Definitions
    51                           ; 
    52                           ; SFR Addresses
    53  0000                     	;# 
    54  0001                     	;# 
    55  0002                     	;# 
    56  0003                     	;# 
    57  0004                     	;# 
    58  0005                     	;# 
    59  0006                     	;# 
    60  0007                     	;# 
    61  0008                     	;# 
    62  0009                     	;# 
    63  000A                     	;# 
    64  000B                     	;# 
    65  000C                     	;# 
    66  000D                     	;# 
    67  000E                     	;# 
    68  0011                     	;# 
    69  0012                     	;# 
    70  0015                     	;# 
    71  0016                     	;# 
    72  0016                     	;# 
    73  0017                     	;# 
    74  0018                     	;# 
    75  0019                     	;# 
    76  001A                     	;# 
    77  001B                     	;# 
    78  001C                     	;# 
    79  008C                     	;# 
    80  008D                     	;# 
    81  008E                     	;# 
    82  0091                     	;# 
    83  0092                     	;# 
    84  0095                     	;# 
    85  0096                     	;# 
    86  0097                     	;# 
    87  0098                     	;# 
    88  0099                     	;# 
    89  009A                     	;# 
    90  009B                     	;# 
    91  009B                     	;# 
    92  009C                     	;# 
    93  009D                     	;# 
    94  009E                     	;# 
    95  009F                     	;# 
    96  010C                     	;# 
    97  010D                     	;# 
    98  010E                     	;# 
    99  0111                     	;# 
   100  0112                     	;# 
   101  0113                     	;# 
   102  0114                     	;# 
   103  0115                     	;# 
   104  0116                     	;# 
   105  0117                     	;# 
   106  0118                     	;# 
   107  0119                     	;# 
   108  011D                     	;# 
   109  018C                     	;# 
   110  018D                     	;# 
   111  018E                     	;# 
   112  0191                     	;# 
   113  0191                     	;# 
   114  0192                     	;# 
   115  0193                     	;# 
   116  0193                     	;# 
   117  0194                     	;# 
   118  0195                     	;# 
   119  0196                     	;# 
   120  0197                     	;# 
   121  0199                     	;# 
   122  019A                     	;# 
   123  019B                     	;# 
   124  019B                     	;# 
   125  019C                     	;# 
   126  019D                     	;# 
   127  019E                     	;# 
   128  019F                     	;# 
   129  020C                     	;# 
   130  020D                     	;# 
   131  0211                     	;# 
   132  0211                     	;# 
   133  0212                     	;# 
   134  0212                     	;# 
   135  0213                     	;# 
   136  0213                     	;# 
   137  0214                     	;# 
   138  0214                     	;# 
   139  0215                     	;# 
   140  0215                     	;# 
   141  0215                     	;# 
   142  0216                     	;# 
   143  0216                     	;# 
   144  0217                     	;# 
   145  0217                     	;# 
   146  0391                     	;# 
   147  0392                     	;# 
   148  0393                     	;# 
   149  0394                     	;# 
   150  0395                     	;# 
   151  0396                     	;# 
   152  039A                     	;# 
   153  039B                     	;# 
   154  0611                     	;# 
   155  0612                     	;# 
   156  0613                     	;# 
   157  0613                     	;# 
   158  0614                     	;# 
   159  0615                     	;# 
   160  0616                     	;# 
   161  0616                     	;# 
   162  0691                     	;# 
   163  0692                     	;# 
   164  0693                     	;# 
   165  0694                     	;# 
   166  0695                     	;# 
   167  0E8E                     	;# 
   168  0E8F                     	;# 
   169  0E90                     	;# 
   170  0E91                     	;# 
   171  0E92                     	;# 
   172  0E93                     	;# 
   173  0E94                     	;# 
   174  0E94                     	;# 
   175  0E95                     	;# 
   176  0E96                     	;# 
   177  0E97                     	;# 
   178  0E98                     	;# 
   179  0E99                     	;# 
   180  0E9A                     	;# 
   181  0E9B                     	;# 
   182  0E9C                     	;# 
   183  0E9D                     	;# 
   184  0E9E                     	;# 
   185  0E9F                     	;# 
   186  0FE4                     	;# 
   187  0FE5                     	;# 
   188  0FE6                     	;# 
   189  0FE7                     	;# 
   190  0FE8                     	;# 
   191  0FE9                     	;# 
   192  0FEA                     	;# 
   193  0FEB                     	;# 
   194  0FED                     	;# 
   195  0FEE                     	;# 
   196  0FEF                     	;# 
   197  0000                     	;# 
   198  0001                     	;# 
   199  0002                     	;# 
   200  0003                     	;# 
   201  0004                     	;# 
   202  0005                     	;# 
   203  0006                     	;# 
   204  0007                     	;# 
   205  0008                     	;# 
   206  0009                     	;# 
   207  000A                     	;# 
   208  000B                     	;# 
   209  000C                     	;# 
   210  000D                     	;# 
   211  000E                     	;# 
   212  0011                     	;# 
   213  0012                     	;# 
   214  0015                     	;# 
   215  0016                     	;# 
   216  0016                     	;# 
   217  0017                     	;# 
   218  0018                     	;# 
   219  0019                     	;# 
   220  001A                     	;# 
   221  001B                     	;# 
   222  001C                     	;# 
   223  008C                     	;# 
   224  008D                     	;# 
   225  008E                     	;# 
   226  0091                     	;# 
   227  0092                     	;# 
   228  0095                     	;# 
   229  0096                     	;# 
   230  0097                     	;# 
   231  0098                     	;# 
   232  0099                     	;# 
   233  009A                     	;# 
   234  009B                     	;# 
   235  009B                     	;# 
   236  009C                     	;# 
   237  009D                     	;# 
   238  009E                     	;# 
   239  009F                     	;# 
   240  010C                     	;# 
   241  010D                     	;# 
   242  010E                     	;# 
   243  0111                     	;# 
   244  0112                     	;# 
   245  0113                     	;# 
   246  0114                     	;# 
   247  0115                     	;# 
   248  0116                     	;# 
   249  0117                     	;# 
   250  0118                     	;# 
   251  0119                     	;# 
   252  011D                     	;# 
   253  018C                     	;# 
   254  018D                     	;# 
   255  018E                     	;# 
   256  0191                     	;# 
   257  0191                     	;# 
   258  0192                     	;# 
   259  0193                     	;# 
   260  0193                     	;# 
   261  0194                     	;# 
   262  0195                     	;# 
   263  0196                     	;# 
   264  0197                     	;# 
   265  0199                     	;# 
   266  019A                     	;# 
   267  019B                     	;# 
   268  019B                     	;# 
   269  019C                     	;# 
   270  019D                     	;# 
   271  019E                     	;# 
   272  019F                     	;# 
   273  020C                     	;# 
   274  020D                     	;# 
   275  0211                     	;# 
   276  0211                     	;# 
   277  0212                     	;# 
   278  0212                     	;# 
   279  0213                     	;# 
   280  0213                     	;# 
   281  0214                     	;# 
   282  0214                     	;# 
   283  0215                     	;# 
   284  0215                     	;# 
   285  0215                     	;# 
   286  0216                     	;# 
   287  0216                     	;# 
   288  0217                     	;# 
   289  0217                     	;# 
   290  0391                     	;# 
   291  0392                     	;# 
   292  0393                     	;# 
   293  0394                     	;# 
   294  0395                     	;# 
   295  0396                     	;# 
   296  039A                     	;# 
   297  039B                     	;# 
   298  0611                     	;# 
   299  0612                     	;# 
   300  0613                     	;# 
   301  0613                     	;# 
   302  0614                     	;# 
   303  0615                     	;# 
   304  0616                     	;# 
   305  0616                     	;# 
   306  0691                     	;# 
   307  0692                     	;# 
   308  0693                     	;# 
   309  0694                     	;# 
   310  0695                     	;# 
   311  0E8E                     	;# 
   312  0E8F                     	;# 
   313  0E90                     	;# 
   314  0E91                     	;# 
   315  0E92                     	;# 
   316  0E93                     	;# 
   317  0E94                     	;# 
   318  0E94                     	;# 
   319  0E95                     	;# 
   320  0E96                     	;# 
   321  0E97                     	;# 
   322  0E98                     	;# 
   323  0E99                     	;# 
   324  0E9A                     	;# 
   325  0E9B                     	;# 
   326  0E9C                     	;# 
   327  0E9D                     	;# 
   328  0E9E                     	;# 
   329  0E9F                     	;# 
   330  0FE4                     	;# 
   331  0FE5                     	;# 
   332  0FE6                     	;# 
   333  0FE7                     	;# 
   334  0FE8                     	;# 
   335  0FE9                     	;# 
   336  0FEA                     	;# 
   337  0FEB                     	;# 
   338  0FED                     	;# 
   339  0FEE                     	;# 
   340  0FEF                     	;# 
   341  0000                     	;# 
   342  0001                     	;# 
   343  0002                     	;# 
   344  0003                     	;# 
   345  0004                     	;# 
   346  0005                     	;# 
   347  0006                     	;# 
   348  0007                     	;# 
   349  0008                     	;# 
   350  0009                     	;# 
   351  000A                     	;# 
   352  000B                     	;# 
   353  000C                     	;# 
   354  000D                     	;# 
   355  000E                     	;# 
   356  0011                     	;# 
   357  0012                     	;# 
   358  0015                     	;# 
   359  0016                     	;# 
   360  0016                     	;# 
   361  0017                     	;# 
   362  0018                     	;# 
   363  0019                     	;# 
   364  001A                     	;# 
   365  001B                     	;# 
   366  001C                     	;# 
   367  008C                     	;# 
   368  008D                     	;# 
   369  008E                     	;# 
   370  0091                     	;# 
   371  0092                     	;# 
   372  0095                     	;# 
   373  0096                     	;# 
   374  0097                     	;# 
   375  0098                     	;# 
   376  0099                     	;# 
   377  009A                     	;# 
   378  009B                     	;# 
   379  009B                     	;# 
   380  009C                     	;# 
   381  009D                     	;# 
   382  009E                     	;# 
   383  009F                     	;# 
   384  010C                     	;# 
   385  010D                     	;# 
   386  010E                     	;# 
   387  0111                     	;# 
   388  0112                     	;# 
   389  0113                     	;# 
   390  0114                     	;# 
   391  0115                     	;# 
   392  0116                     	;# 
   393  0117                     	;# 
   394  0118                     	;# 
   395  0119                     	;# 
   396  011D                     	;# 
   397  018C                     	;# 
   398  018D                     	;# 
   399  018E                     	;# 
   400  0191                     	;# 
   401  0191                     	;# 
   402  0192                     	;# 
   403  0193                     	;# 
   404  0193                     	;# 
   405  0194                     	;# 
   406  0195                     	;# 
   407  0196                     	;# 
   408  0197                     	;# 
   409  0199                     	;# 
   410  019A                     	;# 
   411  019B                     	;# 
   412  019B                     	;# 
   413  019C                     	;# 
   414  019D                     	;# 
   415  019E                     	;# 
   416  019F                     	;# 
   417  020C                     	;# 
   418  020D                     	;# 
   419  0211                     	;# 
   420  0211                     	;# 
   421  0212                     	;# 
   422  0212                     	;# 
   423  0213                     	;# 
   424  0213                     	;# 
   425  0214                     	;# 
   426  0214                     	;# 
   427  0215                     	;# 
   428  0215                     	;# 
   429  0215                     	;# 
   430  0216                     	;# 
   431  0216                     	;# 
   432  0217                     	;# 
   433  0217                     	;# 
   434  0391                     	;# 
   435  0392                     	;# 
   436  0393                     	;# 
   437  0394                     	;# 
   438  0395                     	;# 
   439  0396                     	;# 
   440  039A                     	;# 
   441  039B                     	;# 
   442  0611                     	;# 
   443  0612                     	;# 
   444  0613                     	;# 
   445  0613                     	;# 
   446  0614                     	;# 
   447  0615                     	;# 
   448  0616                     	;# 
   449  0616                     	;# 
   450  0691                     	;# 
   451  0692                     	;# 
   452  0693                     	;# 
   453  0694                     	;# 
   454  0695                     	;# 
   455  0E8E                     	;# 
   456  0E8F                     	;# 
   457  0E90                     	;# 
   458  0E91                     	;# 
   459  0E92                     	;# 
   460  0E93                     	;# 
   461  0E94                     	;# 
   462  0E94                     	;# 
   463  0E95                     	;# 
   464  0E96                     	;# 
   465  0E97                     	;# 
   466  0E98                     	;# 
   467  0E99                     	;# 
   468  0E9A                     	;# 
   469  0E9B                     	;# 
   470  0E9C                     	;# 
   471  0E9D                     	;# 
   472  0E9E                     	;# 
   473  0E9F                     	;# 
   474  0FE4                     	;# 
   475  0FE5                     	;# 
   476  0FE6                     	;# 
   477  0FE7                     	;# 
   478  0FE8                     	;# 
   479  0FE9                     	;# 
   480  0FEA                     	;# 
   481  0FEB                     	;# 
   482  0FED                     	;# 
   483  0FEE                     	;# 
   484  0FEF                     	;# 
   485  0000                     	;# 
   486  0001                     	;# 
   487  0002                     	;# 
   488  0003                     	;# 
   489  0004                     	;# 
   490  0005                     	;# 
   491  0006                     	;# 
   492  0007                     	;# 
   493  0008                     	;# 
   494  0009                     	;# 
   495  000A                     	;# 
   496  000B                     	;# 
   497  000C                     	;# 
   498  000D                     	;# 
   499  000E                     	;# 
   500  0011                     	;# 
   501  0012                     	;# 
   502  0015                     	;# 
   503  0016                     	;# 
   504  0016                     	;# 
   505  0017                     	;# 
   506  0018                     	;# 
   507  0019                     	;# 
   508  001A                     	;# 
   509  001B                     	;# 
   510  001C                     	;# 
   511  008C                     	;# 
   512  008D                     	;# 
   513  008E                     	;# 
   514  0091                     	;# 
   515  0092                     	;# 
   516  0095                     	;# 
   517  0096                     	;# 
   518  0097                     	;# 
   519  0098                     	;# 
   520  0099                     	;# 
   521  009A                     	;# 
   522  009B                     	;# 
   523  009B                     	;# 
   524  009C                     	;# 
   525  009D                     	;# 
   526  009E                     	;# 
   527  009F                     	;# 
   528  010C                     	;# 
   529  010D                     	;# 
   530  010E                     	;# 
   531  0111                     	;# 
   532  0112                     	;# 
   533  0113                     	;# 
   534  0114                     	;# 
   535  0115                     	;# 
   536  0116                     	;# 
   537  0117                     	;# 
   538  0118                     	;# 
   539  0119                     	;# 
   540  011D                     	;# 
   541  018C                     	;# 
   542  018D                     	;# 
   543  018E                     	;# 
   544  0191                     	;# 
   545  0191                     	;# 
   546  0192                     	;# 
   547  0193                     	;# 
   548  0193                     	;# 
   549  0194                     	;# 
   550  0195                     	;# 
   551  0196                     	;# 
   552  0197                     	;# 
   553  0199                     	;# 
   554  019A                     	;# 
   555  019B                     	;# 
   556  019B                     	;# 
   557  019C                     	;# 
   558  019D                     	;# 
   559  019E                     	;# 
   560  019F                     	;# 
   561  020C                     	;# 
   562  020D                     	;# 
   563  0211                     	;# 
   564  0211                     	;# 
   565  0212                     	;# 
   566  0212                     	;# 
   567  0213                     	;# 
   568  0213                     	;# 
   569  0214                     	;# 
   570  0214                     	;# 
   571  0215                     	;# 
   572  0215                     	;# 
   573  0215                     	;# 
   574  0216                     	;# 
   575  0216                     	;# 
   576  0217                     	;# 
   577  0217                     	;# 
   578  0391                     	;# 
   579  0392                     	;# 
   580  0393                     	;# 
   581  0394                     	;# 
   582  0395                     	;# 
   583  0396                     	;# 
   584  039A                     	;# 
   585  039B                     	;# 
   586  0611                     	;# 
   587  0612                     	;# 
   588  0613                     	;# 
   589  0613                     	;# 
   590  0614                     	;# 
   591  0615                     	;# 
   592  0616                     	;# 
   593  0616                     	;# 
   594  0691                     	;# 
   595  0692                     	;# 
   596  0693                     	;# 
   597  0694                     	;# 
   598  0695                     	;# 
   599  0E8E                     	;# 
   600  0E8F                     	;# 
   601  0E90                     	;# 
   602  0E91                     	;# 
   603  0E92                     	;# 
   604  0E93                     	;# 
   605  0E94                     	;# 
   606  0E94                     	;# 
   607  0E95                     	;# 
   608  0E96                     	;# 
   609  0E97                     	;# 
   610  0E98                     	;# 
   611  0E99                     	;# 
   612  0E9A                     	;# 
   613  0E9B                     	;# 
   614  0E9C                     	;# 
   615  0E9D                     	;# 
   616  0E9E                     	;# 
   617  0E9F                     	;# 
   618  0FE4                     	;# 
   619  0FE5                     	;# 
   620  0FE6                     	;# 
   621  0FE7                     	;# 
   622  0FE8                     	;# 
   623  0FE9                     	;# 
   624  0FEA                     	;# 
   625  0FEB                     	;# 
   626  0FED                     	;# 
   627  0FEE                     	;# 
   628  0FEF                     	;# 
   629  0000                     	;# 
   630  0001                     	;# 
   631  0002                     	;# 
   632  0003                     	;# 
   633  0004                     	;# 
   634  0005                     	;# 
   635  0006                     	;# 
   636  0007                     	;# 
   637  0008                     	;# 
   638  0009                     	;# 
   639  000A                     	;# 
   640  000B                     	;# 
   641  000C                     	;# 
   642  000D                     	;# 
   643  000E                     	;# 
   644  0011                     	;# 
   645  0012                     	;# 
   646  0015                     	;# 
   647  0016                     	;# 
   648  0016                     	;# 
   649  0017                     	;# 
   650  0018                     	;# 
   651  0019                     	;# 
   652  001A                     	;# 
   653  001B                     	;# 
   654  001C                     	;# 
   655  008C                     	;# 
   656  008D                     	;# 
   657  008E                     	;# 
   658  0091                     	;# 
   659  0092                     	;# 
   660  0095                     	;# 
   661  0096                     	;# 
   662  0097                     	;# 
   663  0098                     	;# 
   664  0099                     	;# 
   665  009A                     	;# 
   666  009B                     	;# 
   667  009B                     	;# 
   668  009C                     	;# 
   669  009D                     	;# 
   670  009E                     	;# 
   671  009F                     	;# 
   672  010C                     	;# 
   673  010D                     	;# 
   674  010E                     	;# 
   675  0111                     	;# 
   676  0112                     	;# 
   677  0113                     	;# 
   678  0114                     	;# 
   679  0115                     	;# 
   680  0116                     	;# 
   681  0117                     	;# 
   682  0118                     	;# 
   683  0119                     	;# 
   684  011D                     	;# 
   685  018C                     	;# 
   686  018D                     	;# 
   687  018E                     	;# 
   688  0191                     	;# 
   689  0191                     	;# 
   690  0192                     	;# 
   691  0193                     	;# 
   692  0193                     	;# 
   693  0194                     	;# 
   694  0195                     	;# 
   695  0196                     	;# 
   696  0197                     	;# 
   697  0199                     	;# 
   698  019A                     	;# 
   699  019B                     	;# 
   700  019B                     	;# 
   701  019C                     	;# 
   702  019D                     	;# 
   703  019E                     	;# 
   704  019F                     	;# 
   705  020C                     	;# 
   706  020D                     	;# 
   707  0211                     	;# 
   708  0211                     	;# 
   709  0212                     	;# 
   710  0212                     	;# 
   711  0213                     	;# 
   712  0213                     	;# 
   713  0214                     	;# 
   714  0214                     	;# 
   715  0215                     	;# 
   716  0215                     	;# 
   717  0215                     	;# 
   718  0216                     	;# 
   719  0216                     	;# 
   720  0217                     	;# 
   721  0217                     	;# 
   722  0391                     	;# 
   723  0392                     	;# 
   724  0393                     	;# 
   725  0394                     	;# 
   726  0395                     	;# 
   727  0396                     	;# 
   728  039A                     	;# 
   729  039B                     	;# 
   730  0611                     	;# 
   731  0612                     	;# 
   732  0613                     	;# 
   733  0613                     	;# 
   734  0614                     	;# 
   735  0615                     	;# 
   736  0616                     	;# 
   737  0616                     	;# 
   738  0691                     	;# 
   739  0692                     	;# 
   740  0693                     	;# 
   741  0694                     	;# 
   742  0695                     	;# 
   743  0E8E                     	;# 
   744  0E8F                     	;# 
   745  0E90                     	;# 
   746  0E91                     	;# 
   747  0E92                     	;# 
   748  0E93                     	;# 
   749  0E94                     	;# 
   750  0E94                     	;# 
   751  0E95                     	;# 
   752  0E96                     	;# 
   753  0E97                     	;# 
   754  0E98                     	;# 
   755  0E99                     	;# 
   756  0E9A                     	;# 
   757  0E9B                     	;# 
   758  0E9C                     	;# 
   759  0E9D                     	;# 
   760  0E9E                     	;# 
   761  0E9F                     	;# 
   762  0FE4                     	;# 
   763  0FE5                     	;# 
   764  0FE6                     	;# 
   765  0FE7                     	;# 
   766  0FE8                     	;# 
   767  0FE9                     	;# 
   768  0FEA                     	;# 
   769  0FEB                     	;# 
   770  0FED                     	;# 
   771  0FEE                     	;# 
   772  0FEF                     	;# 
   773  0000                     	;# 
   774  0001                     	;# 
   775  0002                     	;# 
   776  0003                     	;# 
   777  0004                     	;# 
   778  0005                     	;# 
   779  0006                     	;# 
   780  0007                     	;# 
   781  0008                     	;# 
   782  0009                     	;# 
   783  000A                     	;# 
   784  000B                     	;# 
   785  000C                     	;# 
   786  000D                     	;# 
   787  000E                     	;# 
   788  0011                     	;# 
   789  0012                     	;# 
   790  0015                     	;# 
   791  0016                     	;# 
   792  0016                     	;# 
   793  0017                     	;# 
   794  0018                     	;# 
   795  0019                     	;# 
   796  001A                     	;# 
   797  001B                     	;# 
   798  001C                     	;# 
   799  008C                     	;# 
   800  008D                     	;# 
   801  008E                     	;# 
   802  0091                     	;# 
   803  0092                     	;# 
   804  0095                     	;# 
   805  0096                     	;# 
   806  0097                     	;# 
   807  0098                     	;# 
   808  0099                     	;# 
   809  009A                     	;# 
   810  009B                     	;# 
   811  009B                     	;# 
   812  009C                     	;# 
   813  009D                     	;# 
   814  009E                     	;# 
   815  009F                     	;# 
   816  010C                     	;# 
   817  010D                     	;# 
   818  010E                     	;# 
   819  0111                     	;# 
   820  0112                     	;# 
   821  0113                     	;# 
   822  0114                     	;# 
   823  0115                     	;# 
   824  0116                     	;# 
   825  0117                     	;# 
   826  0118                     	;# 
   827  0119                     	;# 
   828  011D                     	;# 
   829  018C                     	;# 
   830  018D                     	;# 
   831  018E                     	;# 
   832  0191                     	;# 
   833  0191                     	;# 
   834  0192                     	;# 
   835  0193                     	;# 
   836  0193                     	;# 
   837  0194                     	;# 
   838  0195                     	;# 
   839  0196                     	;# 
   840  0197                     	;# 
   841  0199                     	;# 
   842  019A                     	;# 
   843  019B                     	;# 
   844  019B                     	;# 
   845  019C                     	;# 
   846  019D                     	;# 
   847  019E                     	;# 
   848  019F                     	;# 
   849  020C                     	;# 
   850  020D                     	;# 
   851  0211                     	;# 
   852  0211                     	;# 
   853  0212                     	;# 
   854  0212                     	;# 
   855  0213                     	;# 
   856  0213                     	;# 
   857  0214                     	;# 
   858  0214                     	;# 
   859  0215                     	;# 
   860  0215                     	;# 
   861  0215                     	;# 
   862  0216                     	;# 
   863  0216                     	;# 
   864  0217                     	;# 
   865  0217                     	;# 
   866  0391                     	;# 
   867  0392                     	;# 
   868  0393                     	;# 
   869  0394                     	;# 
   870  0395                     	;# 
   871  0396                     	;# 
   872  039A                     	;# 
   873  039B                     	;# 
   874  0611                     	;# 
   875  0612                     	;# 
   876  0613                     	;# 
   877  0613                     	;# 
   878  0614                     	;# 
   879  0615                     	;# 
   880  0616                     	;# 
   881  0616                     	;# 
   882  0691                     	;# 
   883  0692                     	;# 
   884  0693                     	;# 
   885  0694                     	;# 
   886  0695                     	;# 
   887  0E8E                     	;# 
   888  0E8F                     	;# 
   889  0E90                     	;# 
   890  0E91                     	;# 
   891  0E92                     	;# 
   892  0E93                     	;# 
   893  0E94                     	;# 
   894  0E94                     	;# 
   895  0E95                     	;# 
   896  0E96                     	;# 
   897  0E97                     	;# 
   898  0E98                     	;# 
   899  0E99                     	;# 
   900  0E9A                     	;# 
   901  0E9B                     	;# 
   902  0E9C                     	;# 
   903  0E9D                     	;# 
   904  0E9E                     	;# 
   905  0E9F                     	;# 
   906  0FE4                     	;# 
   907  0FE5                     	;# 
   908  0FE6                     	;# 
   909  0FE7                     	;# 
   910  0FE8                     	;# 
   911  0FE9                     	;# 
   912  0FEA                     	;# 
   913  0FEB                     	;# 
   914  0FED                     	;# 
   915  0FEE                     	;# 
   916  0FEF                     	;# 
   917  0000                     	;# 
   918  0001                     	;# 
   919  0002                     	;# 
   920  0003                     	;# 
   921  0004                     	;# 
   922  0005                     	;# 
   923  0006                     	;# 
   924  0007                     	;# 
   925  0008                     	;# 
   926  0009                     	;# 
   927  000A                     	;# 
   928  000B                     	;# 
   929  000C                     	;# 
   930  000D                     	;# 
   931  000E                     	;# 
   932  0011                     	;# 
   933  0012                     	;# 
   934  0015                     	;# 
   935  0016                     	;# 
   936  0016                     	;# 
   937  0017                     	;# 
   938  0018                     	;# 
   939  0019                     	;# 
   940  001A                     	;# 
   941  001B                     	;# 
   942  001C                     	;# 
   943  008C                     	;# 
   944  008D                     	;# 
   945  008E                     	;# 
   946  0091                     	;# 
   947  0092                     	;# 
   948  0095                     	;# 
   949  0096                     	;# 
   950  0097                     	;# 
   951  0098                     	;# 
   952  0099                     	;# 
   953  009A                     	;# 
   954  009B                     	;# 
   955  009B                     	;# 
   956  009C                     	;# 
   957  009D                     	;# 
   958  009E                     	;# 
   959  009F                     	;# 
   960  010C                     	;# 
   961  010D                     	;# 
   962  010E                     	;# 
   963  0111                     	;# 
   964  0112                     	;# 
   965  0113                     	;# 
   966  0114                     	;# 
   967  0115                     	;# 
   968  0116                     	;# 
   969  0117                     	;# 
   970  0118                     	;# 
   971  0119                     	;# 
   972  011D                     	;# 
   973  018C                     	;# 
   974  018D                     	;# 
   975  018E                     	;# 
   976  0191                     	;# 
   977  0191                     	;# 
   978  0192                     	;# 
   979  0193                     	;# 
   980  0193                     	;# 
   981  0194                     	;# 
   982  0195                     	;# 
   983  0196                     	;# 
   984  0197                     	;# 
   985  0199                     	;# 
   986  019A                     	;# 
   987  019B                     	;# 
   988  019B                     	;# 
   989  019C                     	;# 
   990  019D                     	;# 
   991  019E                     	;# 
   992  019F                     	;# 
   993  020C                     	;# 
   994  020D                     	;# 
   995  0211                     	;# 
   996  0211                     	;# 
   997  0212                     	;# 
   998  0212                     	;# 
   999  0213                     	;# 
  1000  0213                     	;# 
  1001  0214                     	;# 
  1002  0214                     	;# 
  1003  0215                     	;# 
  1004  0215                     	;# 
  1005  0215                     	;# 
  1006  0216                     	;# 
  1007  0216                     	;# 
  1008  0217                     	;# 
  1009  0217                     	;# 
  1010  0391                     	;# 
  1011  0392                     	;# 
  1012  0393                     	;# 
  1013  0394                     	;# 
  1014  0395                     	;# 
  1015  0396                     	;# 
  1016  039A                     	;# 
  1017  039B                     	;# 
  1018  0611                     	;# 
  1019  0612                     	;# 
  1020  0613                     	;# 
  1021  0613                     	;# 
  1022  0614                     	;# 
  1023  0615                     	;# 
  1024  0616                     	;# 
  1025  0616                     	;# 
  1026  0691                     	;# 
  1027  0692                     	;# 
  1028  0693                     	;# 
  1029  0694                     	;# 
  1030  0695                     	;# 
  1031  0E8E                     	;# 
  1032  0E8F                     	;# 
  1033  0E90                     	;# 
  1034  0E91                     	;# 
  1035  0E92                     	;# 
  1036  0E93                     	;# 
  1037  0E94                     	;# 
  1038  0E94                     	;# 
  1039  0E95                     	;# 
  1040  0E96                     	;# 
  1041  0E97                     	;# 
  1042  0E98                     	;# 
  1043  0E99                     	;# 
  1044  0E9A                     	;# 
  1045  0E9B                     	;# 
  1046  0E9C                     	;# 
  1047  0E9D                     	;# 
  1048  0E9E                     	;# 
  1049  0E9F                     	;# 
  1050  0FE4                     	;# 
  1051  0FE5                     	;# 
  1052  0FE6                     	;# 
  1053  0FE7                     	;# 
  1054  0FE8                     	;# 
  1055  0FE9                     	;# 
  1056  0FEA                     	;# 
  1057  0FEB                     	;# 
  1058  0FED                     	;# 
  1059  0FEE                     	;# 
  1060  0FEF                     	;# 
  1061  0000                     	;# 
  1062  0001                     	;# 
  1063  0002                     	;# 
  1064  0003                     	;# 
  1065  0004                     	;# 
  1066  0005                     	;# 
  1067  0006                     	;# 
  1068  0007                     	;# 
  1069  0008                     	;# 
  1070  0009                     	;# 
  1071  000A                     	;# 
  1072  000B                     	;# 
  1073  000C                     	;# 
  1074  000D                     	;# 
  1075  000E                     	;# 
  1076  0011                     	;# 
  1077  0012                     	;# 
  1078  0015                     	;# 
  1079  0016                     	;# 
  1080  0016                     	;# 
  1081  0017                     	;# 
  1082  0018                     	;# 
  1083  0019                     	;# 
  1084  001A                     	;# 
  1085  001B                     	;# 
  1086  001C                     	;# 
  1087  008C                     	;# 
  1088  008D                     	;# 
  1089  008E                     	;# 
  1090  0091                     	;# 
  1091  0092                     	;# 
  1092  0095                     	;# 
  1093  0096                     	;# 
  1094  0097                     	;# 
  1095  0098                     	;# 
  1096  0099                     	;# 
  1097  009A                     	;# 
  1098  009B                     	;# 
  1099  009B                     	;# 
  1100  009C                     	;# 
  1101  009D                     	;# 
  1102  009E                     	;# 
  1103  009F                     	;# 
  1104  010C                     	;# 
  1105  010D                     	;# 
  1106  010E                     	;# 
  1107  0111                     	;# 
  1108  0112                     	;# 
  1109  0113                     	;# 
  1110  0114                     	;# 
  1111  0115                     	;# 
  1112  0116                     	;# 
  1113  0117                     	;# 
  1114  0118                     	;# 
  1115  0119                     	;# 
  1116  011D                     	;# 
  1117  018C                     	;# 
  1118  018D                     	;# 
  1119  018E                     	;# 
  1120  0191                     	;# 
  1121  0191                     	;# 
  1122  0192                     	;# 
  1123  0193                     	;# 
  1124  0193                     	;# 
  1125  0194                     	;# 
  1126  0195                     	;# 
  1127  0196                     	;# 
  1128  0197                     	;# 
  1129  0199                     	;# 
  1130  019A                     	;# 
  1131  019B                     	;# 
  1132  019B                     	;# 
  1133  019C                     	;# 
  1134  019D                     	;# 
  1135  019E                     	;# 
  1136  019F                     	;# 
  1137  020C                     	;# 
  1138  020D                     	;# 
  1139  0211                     	;# 
  1140  0211                     	;# 
  1141  0212                     	;# 
  1142  0212                     	;# 
  1143  0213                     	;# 
  1144  0213                     	;# 
  1145  0214                     	;# 
  1146  0214                     	;# 
  1147  0215                     	;# 
  1148  0215                     	;# 
  1149  0215                     	;# 
  1150  0216                     	;# 
  1151  0216                     	;# 
  1152  0217                     	;# 
  1153  0217                     	;# 
  1154  0391                     	;# 
  1155  0392                     	;# 
  1156  0393                     	;# 
  1157  0394                     	;# 
  1158  0395                     	;# 
  1159  0396                     	;# 
  1160  039A                     	;# 
  1161  039B                     	;# 
  1162  0611                     	;# 
  1163  0612                     	;# 
  1164  0613                     	;# 
  1165  0613                     	;# 
  1166  0614                     	;# 
  1167  0615                     	;# 
  1168  0616                     	;# 
  1169  0616                     	;# 
  1170  0691                     	;# 
  1171  0692                     	;# 
  1172  0693                     	;# 
  1173  0694                     	;# 
  1174  0695                     	;# 
  1175  0E8E                     	;# 
  1176  0E8F                     	;# 
  1177  0E90                     	;# 
  1178  0E91                     	;# 
  1179  0E92                     	;# 
  1180  0E93                     	;# 
  1181  0E94                     	;# 
  1182  0E94                     	;# 
  1183  0E95                     	;# 
  1184  0E96                     	;# 
  1185  0E97                     	;# 
  1186  0E98                     	;# 
  1187  0E99                     	;# 
  1188  0E9A                     	;# 
  1189  0E9B                     	;# 
  1190  0E9C                     	;# 
  1191  0E9D                     	;# 
  1192  0E9E                     	;# 
  1193  0E9F                     	;# 
  1194  0FE4                     	;# 
  1195  0FE5                     	;# 
  1196  0FE6                     	;# 
  1197  0FE7                     	;# 
  1198  0FE8                     	;# 
  1199  0FE9                     	;# 
  1200  0FEA                     	;# 
  1201  0FEB                     	;# 
  1202  0FED                     	;# 
  1203  0FEE                     	;# 
  1204  0FEF                     	;# 
  1205  000C                     _PORTAbits	set	12
  1206  001C                     _T2CONbits	set	28
  1207  001B                     _PR2	set	27
  1208  0015                     _TMR0	set	21
  1209  000B                     _INTCONbits	set	11
  1210  001A                     _TMR2	set	26
  1211  0011                     _PIR1bits	set	17
  1212  0091                     _PIE1bits	set	145
  1213  0095                     _OPTION_REGbits	set	149
  1214  0099                     _OSCCONbits	set	153
  1215  008E                     _TRISCbits	set	142
  1216  010E                     _LATCbits	set	270
  1217  0114                     _CM2CON1	set	276
  1218  0112                     _CM1CON1	set	274
  1219  0113                     _CM2CON0	set	275
  1220  0111                     _CM1CON0	set	273
  1221  018E                     _ANSELC	set	398
  1222  018D                     _ANSELB	set	397
  1223  018C                     _ANSELA	set	396
  1224  0392                     _IOCANbits	set	914
  1225  0391                     _IOCAPbits	set	913
  1226  0611                     _PWM1DCL	set	1553
  1227  0612                     _PWM1DCH	set	1554
  1228  0613                     _PWM1CONbits	set	1555
  1229  0613                     _PWM1CON	set	1555
  1230                           
  1231                           	psect	cinit
  1232  001E                     start_initialization:	
  1233                           ; #config settings
  1234                           
  1235  001E                     __initialization:
  1236                           
  1237                           ; Clear objects allocated to COMMON
  1238  001E  01F0               	clrf	__pbssCOMMON& (0+127)
  1239  001F  01F1               	clrf	(__pbssCOMMON+1)& (0+127)
  1240  0020                     end_of_initialization:	
  1241                           ;End of C runtime variable initialization code
  1242                           
  1243  0020                     __end_of__initialization:
  1244  0020  107E               	bcf	int$flags,0	;clear compiler interrupt flag (level 1)
  1245  0021  0020               	movlb	0
  1246  0022  3180  283F         	ljmp	_main	;jump to C main() function
  1247                           
  1248                           	psect	bssCOMMON
  1249  0070                     __pbssCOMMON:
  1250  0070                     _duty:
  1251  0070                     	ds	2
  1252                           
  1253                           	psect	cstackCOMMON
  1254  0000                     __pcstackCOMMON:
  1255  0000                     ?_configOsc:
  1256  0000                     ??_configOsc:	
  1257                           ; 1 bytes @ 0x0
  1258                           
  1259  0000                     ?_configPorts:	
  1260                           ; 1 bytes @ 0x0
  1261                           
  1262  0000                     ??_configPorts:	
  1263                           ; 1 bytes @ 0x0
  1264                           
  1265  0000                     ?_configTMR0:	
  1266                           ; 1 bytes @ 0x0
  1267                           
  1268  0000                     ??_configTMR0:	
  1269                           ; 1 bytes @ 0x0
  1270                           
  1271  0000                     ?_configPWM:	
  1272                           ; 1 bytes @ 0x0
  1273                           
  1274  0000                     ??_configPWM:	
  1275                           ; 1 bytes @ 0x0
  1276                           
  1277  0000                     ?_debounce_switch:	
  1278                           ; 1 bytes @ 0x0
  1279                           
  1280  0000                     ??_debounce_switch:	
  1281                           ; 1 bytes @ 0x0
  1282                           
  1283  0000                     ?_main:	
  1284                           ; 1 bytes @ 0x0
  1285                           
  1286  0000                     ??_main:	
  1287                           ; 1 bytes @ 0x0
  1288                           
  1289  0000                     ?_philippo:	
  1290                           ; 1 bytes @ 0x0
  1291                           
  1292  0000                     ??_philippo:	
  1293                           ; 1 bytes @ 0x0
  1294                           
  1295                           
  1296                           	psect	maintext
  1297  003F                     __pmaintext:	
  1298                           ; 1 bytes @ 0x0
  1299 ;;
  1300 ;;Main: autosize = 0, tempsize = 0, incstack = 0, save=0
  1301 ;;
  1302 ;; *************** function _main *****************
  1303 ;; Defined at:
  1304 ;;		line 17 in file "main.c"
  1305 ;; Parameters:    Size  Location     Type
  1306 ;;		None
  1307 ;; Auto vars:     Size  Location     Type
  1308 ;;		None
  1309 ;; Return value:  Size  Location     Type
  1310 ;;                  1    wreg      void 
  1311 ;; Registers used:
  1312 ;;		wreg, status,2, status,0, pclath, cstack
  1313 ;; Tracked objects:
  1314 ;;		On entry : B1F/0
  1315 ;;		On exit  : 0/0
  1316 ;;		Unchanged: 0/0
  1317 ;; Data sizes:     COMMON   BANK0   BANK1   BANK2   BANK3   BANK4   BANK5   BANK6   BANK7   BANK8   BANK9  BANK10  BANK1
      +1  BANK12
  1318 ;;      Params:         0       0       0       0       0       0       0       0       0       0       0       0       
      +0       0
  1319 ;;      Locals:         0       0       0       0       0       0       0       0       0       0       0       0       
      +0       0
  1320 ;;      Temps:          0       0       0       0       0       0       0       0       0       0       0       0       
      +0       0
  1321 ;;      Totals:         0       0       0       0       0       0       0       0       0       0       0       0       
      +0       0
  1322 ;;Total ram usage:        0 bytes
  1323 ;; Hardware stack levels required when called: 2
  1324 ;; This function calls:
  1325 ;;		_configOsc
  1326 ;;		_configPWM
  1327 ;;		_configPorts
  1328 ;;		_configTMR0
  1329 ;;		_debounce_switch
  1330 ;; This function is called by:
  1331 ;;		Startup code after reset
  1332 ;; This function uses a non-reentrant model
  1333 ;;
  1334                           
  1335  003F                     _main:	
  1336                           ;psect for function _main
  1337                           
  1338  003F                     l682:	
  1339                           ;incstack = 0
  1340                           ; Regs used in _main: [wreg+status,2+status,0+pclath+cstack]
  1341                           
  1342                           
  1343                           ;main.c: 19:     configOsc();
  1344  003F  3180  206B  3180   	fcall	_configOsc
  1345                           
  1346                           ;main.c: 20:     configPorts();
  1347  0042  3180  205E  3180   	fcall	_configPorts
  1348                           
  1349                           ;main.c: 21:     configTMR0();
  1350  0045  3180  2051  3180   	fcall	_configTMR0
  1351  0048                     l684:
  1352                           
  1353                           ;main.c: 22:     configPWM();
  1354  0048  3180  2024  3180   	fcall	_configPWM
  1355  004B                     l686:
  1356                           
  1357                           ;main.c: 23:     debounce_switch();
  1358  004B  3180  2072  3180   	fcall	_debounce_switch
  1359  004E                     l17:	
  1360                           ;main.c: 25:  while(1)
  1361                           
  1362  004E                     l18:	
  1363                           ;main.c: 26:  {;main.c: 28:  }
  1364                           
  1365  004E  284E               	goto	l17
  1366  004F  3180  281C         	ljmp	start
  1367  0051                     __end_of_main:
  1368                           
  1369                           	psect	text1
  1370  0072                     __ptext1:	
  1371 ;; *************** function _debounce_switch *****************
  1372 ;; Defined at:
  1373 ;;		line 2 in file "debounce_switch.c"
  1374 ;; Parameters:    Size  Location     Type
  1375 ;;		None
  1376 ;; Auto vars:     Size  Location     Type
  1377 ;;		None
  1378 ;; Return value:  Size  Location     Type
  1379 ;;                  1    wreg      void 
  1380 ;; Registers used:
  1381 ;;		None
  1382 ;; Tracked objects:
  1383 ;;		On entry : 0/0
  1384 ;;		On exit  : 0/0
  1385 ;;		Unchanged: 0/0
  1386 ;; Data sizes:     COMMON   BANK0   BANK1   BANK2   BANK3   BANK4   BANK5   BANK6   BANK7   BANK8   BANK9  BANK10  BANK1
      +1  BANK12
  1387 ;;      Params:         0       0       0       0       0       0       0       0       0       0       0       0       
      +0       0
  1388 ;;      Locals:         0       0       0       0       0       0       0       0       0       0       0       0       
      +0       0
  1389 ;;      Temps:          0       0       0       0       0       0       0       0       0       0       0       0       
      +0       0
  1390 ;;      Totals:         0       0       0       0       0       0       0       0       0       0       0       0       
      +0       0
  1391 ;;Total ram usage:        0 bytes
  1392 ;; Hardware stack levels used: 1
  1393 ;; Hardware stack levels required when called: 1
  1394 ;; This function calls:
  1395 ;;		Nothing
  1396 ;; This function is called by:
  1397 ;;		_main
  1398 ;; This function uses a non-reentrant model
  1399 ;;
  1400                           
  1401  0072                     _debounce_switch:	
  1402                           ;psect for function _debounce_switch
  1403                           
  1404  0072                     l105:	
  1405                           ;incstack = 0
  1406                           ; Regs used in _debounce_switch: []
  1407                           
  1408  0072  0008               	return
  1409  0073                     __end_of_debounce_switch:
  1410                           
  1411                           	psect	text2
  1412  0051                     __ptext2:	
  1413 ;; *************** function _configTMR0 *****************
  1414 ;; Defined at:
  1415 ;;		line 2 in file "configTMR0.c"
  1416 ;; Parameters:    Size  Location     Type
  1417 ;;		None
  1418 ;; Auto vars:     Size  Location     Type
  1419 ;;		None
  1420 ;; Return value:  Size  Location     Type
  1421 ;;                  1    wreg      void 
  1422 ;; Registers used:
  1423 ;;		status,2
  1424 ;; Tracked objects:
  1425 ;;		On entry : 0/0
  1426 ;;		On exit  : 0/0
  1427 ;;		Unchanged: 0/0
  1428 ;; Data sizes:     COMMON   BANK0   BANK1   BANK2   BANK3   BANK4   BANK5   BANK6   BANK7   BANK8   BANK9  BANK10  BANK1
      +1  BANK12
  1429 ;;      Params:         0       0       0       0       0       0       0       0       0       0       0       0       
      +0       0
  1430 ;;      Locals:         0       0       0       0       0       0       0       0       0       0       0       0       
      +0       0
  1431 ;;      Temps:          0       0       0       0       0       0       0       0       0       0       0       0       
      +0       0
  1432 ;;      Totals:         0       0       0       0       0       0       0       0       0       0       0       0       
      +0       0
  1433 ;;Total ram usage:        0 bytes
  1434 ;; Hardware stack levels used: 1
  1435 ;; Hardware stack levels required when called: 1
  1436 ;; This function calls:
  1437 ;;		Nothing
  1438 ;; This function is called by:
  1439 ;;		_main
  1440 ;; This function uses a non-reentrant model
  1441 ;;
  1442                           
  1443  0051                     _configTMR0:	
  1444                           ;psect for function _configTMR0
  1445                           
  1446  0051                     l652:	
  1447                           ;incstack = 0
  1448                           ; Regs used in _configTMR0: [status,2]
  1449                           
  1450                           
  1451                           ;configTMR0.c: 6:     OPTION_REGbits.TMR0CS = LO;
  1452  0051  0021               	movlb	1	; select bank1
  1453  0052  1295               	bcf	21,5	;volatile
  1454                           
  1455                           ;configTMR0.c: 7:     OPTION_REGbits.PSA = LO;
  1456  0053  1195               	bcf	21,3	;volatile
  1457                           
  1458                           ;configTMR0.c: 8:     OPTION_REGbits.PS2 = HI;
  1459  0054  1515               	bsf	21,2	;volatile
  1460                           
  1461                           ;configTMR0.c: 9:     OPTION_REGbits.PS1 = HI;
  1462  0055  1495               	bsf	21,1	;volatile
  1463                           
  1464                           ;configTMR0.c: 10:     OPTION_REGbits.PS0 = HI;
  1465  0056  1415               	bsf	21,0	;volatile
  1466                           
  1467                           ;configTMR0.c: 13:     INTCONbits.PEIE = HI;
  1468  0057  170B               	bsf	11,6	;volatile
  1469                           
  1470                           ;configTMR0.c: 14:     INTCONbits.GIE = HI;
  1471  0058  178B               	bsf	11,7	;volatile
  1472                           
  1473                           ;configTMR0.c: 15:     INTCONbits.TMR0IE = HI;
  1474  0059  168B               	bsf	11,5	;volatile
  1475                           
  1476                           ;configTMR0.c: 16:     INTCONbits.TMR0IF = LO;
  1477  005A  110B               	bcf	11,2	;volatile
  1478  005B                     l654:
  1479                           
  1480                           ;configTMR0.c: 17:     TMR0 = 0;
  1481  005B  0020               	movlb	0	; select bank0
  1482  005C  0195               	clrf	21	;volatile
  1483  005D                     l73:
  1484  005D  0008               	return
  1485  005E                     __end_of_configTMR0:
  1486                           
  1487                           	psect	text3
  1488  005E                     __ptext3:	
  1489 ;; *************** function _configPorts *****************
  1490 ;; Defined at:
  1491 ;;		line 3 in file "configPorts.c"
  1492 ;; Parameters:    Size  Location     Type
  1493 ;;		None
  1494 ;; Auto vars:     Size  Location     Type
  1495 ;;		None
  1496 ;; Return value:  Size  Location     Type
  1497 ;;                  1    wreg      void 
  1498 ;; Registers used:
  1499 ;;		status,2
  1500 ;; Tracked objects:
  1501 ;;		On entry : 0/0
  1502 ;;		On exit  : 0/0
  1503 ;;		Unchanged: 0/0
  1504 ;; Data sizes:     COMMON   BANK0   BANK1   BANK2   BANK3   BANK4   BANK5   BANK6   BANK7   BANK8   BANK9  BANK10  BANK1
      +1  BANK12
  1505 ;;      Params:         0       0       0       0       0       0       0       0       0       0       0       0       
      +0       0
  1506 ;;      Locals:         0       0       0       0       0       0       0       0       0       0       0       0       
      +0       0
  1507 ;;      Temps:          0       0       0       0       0       0       0       0       0       0       0       0       
      +0       0
  1508 ;;      Totals:         0       0       0       0       0       0       0       0       0       0       0       0       
      +0       0
  1509 ;;Total ram usage:        0 bytes
  1510 ;; Hardware stack levels used: 1
  1511 ;; Hardware stack levels required when called: 1
  1512 ;; This function calls:
  1513 ;;		Nothing
  1514 ;; This function is called by:
  1515 ;;		_main
  1516 ;; This function uses a non-reentrant model
  1517 ;;
  1518                           
  1519  005E                     _configPorts:	
  1520                           ;psect for function _configPorts
  1521                           
  1522  005E                     l646:	
  1523                           ;incstack = 0
  1524                           ; Regs used in _configPorts: [status,2]
  1525                           
  1526                           
  1527                           ;configPorts.c: 5:     ANSELA = 0x00;
  1528  005E  0023               	movlb	3	; select bank3
  1529  005F  018C               	clrf	12	;volatile
  1530                           
  1531                           ;configPorts.c: 6:     ANSELB = 0x00;
  1532  0060  018D               	clrf	13	;volatile
  1533                           
  1534                           ;configPorts.c: 7:     ANSELC = 0x00;
  1535  0061  018E               	clrf	14	;volatile
  1536                           
  1537                           ;configPorts.c: 9:     CM1CON0 = 0x00;
  1538  0062  0022               	movlb	2	; select bank2
  1539  0063  0191               	clrf	17	;volatile
  1540                           
  1541                           ;configPorts.c: 10:     CM2CON0 = 0x00;
  1542  0064  0193               	clrf	19	;volatile
  1543                           
  1544                           ;configPorts.c: 11:     CM1CON1 = 0x00;
  1545  0065  0192               	clrf	18	;volatile
  1546                           
  1547                           ;configPorts.c: 12:     CM2CON1 = 0x00;
  1548  0066  0194               	clrf	20	;volatile
  1549  0067                     l648:
  1550                           
  1551                           ;configPorts.c: 13:     TRISCbits.TRISC4 = LO;
  1552  0067  0021               	movlb	1	; select bank1
  1553  0068  120E               	bcf	14,4	;volatile
  1554  0069                     l650:
  1555                           
  1556                           ;configPorts.c: 14:     TRISCbits.TRISC7 = LO;
  1557  0069  138E               	bcf	14,7	;volatile
  1558  006A                     l41:
  1559  006A  0008               	return
  1560  006B                     __end_of_configPorts:
  1561                           
  1562                           	psect	text4
  1563  0024                     __ptext4:	
  1564 ;; *************** function _configPWM *****************
  1565 ;; Defined at:
  1566 ;;		line 2 in file "configPWM.c"
  1567 ;; Parameters:    Size  Location     Type
  1568 ;;		None
  1569 ;; Auto vars:     Size  Location     Type
  1570 ;;		None
  1571 ;; Return value:  Size  Location     Type
  1572 ;;                  1    wreg      void 
  1573 ;; Registers used:
  1574 ;;		wreg, status,2
  1575 ;; Tracked objects:
  1576 ;;		On entry : 0/0
  1577 ;;		On exit  : 0/0
  1578 ;;		Unchanged: 0/0
  1579 ;; Data sizes:     COMMON   BANK0   BANK1   BANK2   BANK3   BANK4   BANK5   BANK6   BANK7   BANK8   BANK9  BANK10  BANK1
      +1  BANK12
  1580 ;;      Params:         0       0       0       0       0       0       0       0       0       0       0       0       
      +0       0
  1581 ;;      Locals:         0       0       0       0       0       0       0       0       0       0       0       0       
      +0       0
  1582 ;;      Temps:          0       0       0       0       0       0       0       0       0       0       0       0       
      +0       0
  1583 ;;      Totals:         0       0       0       0       0       0       0       0       0       0       0       0       
      +0       0
  1584 ;;Total ram usage:        0 bytes
  1585 ;; Hardware stack levels used: 1
  1586 ;; Hardware stack levels required when called: 1
  1587 ;; This function calls:
  1588 ;;		Nothing
  1589 ;; This function is called by:
  1590 ;;		_main
  1591 ;; This function uses a non-reentrant model
  1592 ;;
  1593                           
  1594  0024                     _configPWM:	
  1595                           ;psect for function _configPWM
  1596                           
  1597  0024                     l656:	
  1598                           ;incstack = 0
  1599                           ; Regs used in _configPWM: [wreg+status,2]
  1600                           
  1601                           
  1602                           ;configPWM.c: 4:     INTCONbits.GIE = HI;
  1603  0024  178B               	bsf	11,7	;volatile
  1604                           
  1605                           ;configPWM.c: 5:     TRISCbits.TRISC5 = HI;
  1606  0025  0021               	movlb	1	; select bank1
  1607  0026  168E               	bsf	14,5	;volatile
  1608  0027                     l658:
  1609                           
  1610                           ;configPWM.c: 7:     PWM1CON = 0;
  1611  0027  002C               	movlb	12	; select bank12
  1612  0028  0193               	clrf	19	;volatile
  1613  0029                     l660:
  1614                           
  1615                           ;configPWM.c: 8:     PWM1CONbits.PWM1EN = HI;
  1616  0029  1793               	bsf	19,7	;volatile
  1617  002A                     l662:
  1618                           
  1619                           ;configPWM.c: 9:     PWM1CONbits.PWM1OE = HI;
  1620  002A  1713               	bsf	19,6	;volatile
  1621                           
  1622                           ;configPWM.c: 10:     TMR2 = 0;
  1623  002B  0020               	movlb	0	; select bank0
  1624  002C  019A               	clrf	26	;volatile
  1625  002D                     l664:
  1626                           
  1627                           ;configPWM.c: 12:     PR2 = 255;
  1628  002D  30FF               	movlw	255
  1629  002E  009B               	movwf	27	;volatile
  1630  002F                     l666:
  1631                           
  1632                           ;configPWM.c: 13:     PWM1DCH = 2;
  1633  002F  3002               	movlw	2
  1634  0030  002C               	movlb	12	; select bank12
  1635  0031  0092               	movwf	18	;volatile
  1636  0032                     l668:
  1637                           
  1638                           ;configPWM.c: 14:     PWM1DCL = 1<<6;
  1639  0032  3040               	movlw	64
  1640  0033  0091               	movwf	17	;volatile
  1641  0034                     l670:
  1642                           
  1643                           ;configPWM.c: 15:     T2CONbits.TMR2ON = HI;
  1644  0034  0020               	movlb	0	; select bank0
  1645  0035  151C               	bsf	28,2	;volatile
  1646  0036                     l672:
  1647                           
  1648                           ;configPWM.c: 16:     PIR1bits.TMR2IF = LO;
  1649  0036  1091               	bcf	17,1	;volatile
  1650  0037                     l674:
  1651                           
  1652                           ;configPWM.c: 18:     PIE1bits.TMR2IE = HI;
  1653  0037  0021               	movlb	1	; select bank1
  1654  0038  1491               	bsf	17,1	;volatile
  1655  0039                     l676:
  1656                           
  1657                           ;configPWM.c: 19:     T2CONbits.T2CKPS1 = HI;
  1658  0039  0020               	movlb	0	; select bank0
  1659  003A  149C               	bsf	28,1	;volatile
  1660  003B                     l678:
  1661                           
  1662                           ;configPWM.c: 20:     T2CONbits.T2CKPS0 = HI;
  1663  003B  141C               	bsf	28,0	;volatile
  1664  003C                     l680:
  1665                           
  1666                           ;configPWM.c: 21:     TRISCbits.TRISC5 = LO;
  1667  003C  0021               	movlb	1	; select bank1
  1668  003D  128E               	bcf	14,5	;volatile
  1669  003E                     l100:
  1670  003E  0008               	return
  1671  003F                     __end_of_configPWM:
  1672                           
  1673                           	psect	text5
  1674  006B                     __ptext5:	
  1675 ;; *************** function _configOsc *****************
  1676 ;; Defined at:
  1677 ;;		line 4 in file "configOsc.c"
  1678 ;; Parameters:    Size  Location     Type
  1679 ;;		None
  1680 ;; Auto vars:     Size  Location     Type
  1681 ;;		None
  1682 ;; Return value:  Size  Location     Type
  1683 ;;                  1    wreg      void 
  1684 ;; Registers used:
  1685 ;;		None
  1686 ;; Tracked objects:
  1687 ;;		On entry : 0/0
  1688 ;;		On exit  : 0/0
  1689 ;;		Unchanged: 0/0
  1690 ;; Data sizes:     COMMON   BANK0   BANK1   BANK2   BANK3   BANK4   BANK5   BANK6   BANK7   BANK8   BANK9  BANK10  BANK1
      +1  BANK12
  1691 ;;      Params:         0       0       0       0       0       0       0       0       0       0       0       0       
      +0       0
  1692 ;;      Locals:         0       0       0       0       0       0       0       0       0       0       0       0       
      +0       0
  1693 ;;      Temps:          0       0       0       0       0       0       0       0       0       0       0       0       
      +0       0
  1694 ;;      Totals:         0       0       0       0       0       0       0       0       0       0       0       0       
      +0       0
  1695 ;;Total ram usage:        0 bytes
  1696 ;; Hardware stack levels used: 1
  1697 ;; Hardware stack levels required when called: 1
  1698 ;; This function calls:
  1699 ;;		Nothing
  1700 ;; This function is called by:
  1701 ;;		_main
  1702 ;; This function uses a non-reentrant model
  1703 ;;
  1704                           
  1705  006B                     _configOsc:	
  1706                           ;psect for function _configOsc
  1707                           
  1708  006B                     l644:	
  1709                           ;incstack = 0
  1710                           ; Regs used in _configOsc: []
  1711                           
  1712                           
  1713                           ;configOsc.c: 6:     OSCCONbits.IRCF3 = HI;
  1714  006B  0021               	movlb	1	; select bank1
  1715  006C  1699               	bsf	25,5	;volatile
  1716                           
  1717                           ;configOsc.c: 7:     OSCCONbits.IRCF2 = HI;
  1718  006D  1619               	bsf	25,4	;volatile
  1719                           
  1720                           ;configOsc.c: 8:     OSCCONbits.IRCF1 = HI;
  1721  006E  1599               	bsf	25,3	;volatile
  1722                           
  1723                           ;configOsc.c: 9:     OSCCONbits.IRCF0 = HI;
  1724  006F  1519               	bsf	25,2	;volatile
  1725                           
  1726                           ;configOsc.c: 11:     OSCCONbits.SCS1 = HI;
  1727  0070  1499               	bsf	25,1	;volatile
  1728  0071                     l48:
  1729  0071  0008               	return
  1730  0072                     __end_of_configOsc:
  1731                           
  1732                           	psect	intentry
  1733  0004                     __pintentry:	
  1734 ;; *************** function _philippo *****************
  1735 ;; Defined at:
  1736 ;;		line 4 in file "__interrupt_isr.c"
  1737 ;; Parameters:    Size  Location     Type
  1738 ;;		None
  1739 ;; Auto vars:     Size  Location     Type
  1740 ;;		None
  1741 ;; Return value:  Size  Location     Type
  1742 ;;                  1    wreg      void 
  1743 ;; Registers used:
  1744 ;;		status,2, status,0
  1745 ;; Tracked objects:
  1746 ;;		On entry : 0/0
  1747 ;;		On exit  : 0/0
  1748 ;;		Unchanged: 0/0
  1749 ;; Data sizes:     COMMON   BANK0   BANK1   BANK2   BANK3   BANK4   BANK5   BANK6   BANK7   BANK8   BANK9  BANK10  BANK1
      +1  BANK12
  1750 ;;      Params:         0       0       0       0       0       0       0       0       0       0       0       0       
      +0       0
  1751 ;;      Locals:         0       0       0       0       0       0       0       0       0       0       0       0       
      +0       0
  1752 ;;      Temps:          0       0       0       0       0       0       0       0       0       0       0       0       
      +0       0
  1753 ;;      Totals:         0       0       0       0       0       0       0       0       0       0       0       0       
      +0       0
  1754 ;;Total ram usage:        0 bytes
  1755 ;; Hardware stack levels used: 1
  1756 ;; This function calls:
  1757 ;;		Nothing
  1758 ;; This function is called by:
  1759 ;;		Interrupt level 1
  1760 ;; This function uses a non-reentrant model
  1761 ;;
  1762                           
  1763  0004                     _philippo:
  1764                           
  1765                           ;incstack = 0
  1766  0004  147E               	bsf	int$flags,0	;set compiler interrupt flag (level 1)
  1767                           
  1768                           ; Regs used in _philippo: [status]
  1769  0005  3180               	pagesel	$
  1770  0006                     i1l688:
  1771                           
  1772                           ;__interrupt_isr.c: 14:     if(PIR1bits.TMR2IF == HI)
  1773  0006  0020               	movlb	0	; select bank0
  1774  0007  1C91               	btfss	17,1	;volatile
  1775  0008  280A               	goto	u1_21
  1776  0009  280B               	goto	u1_20
  1777  000A                     u1_21:
  1778  000A  2819               	goto	i1l694
  1779  000B                     u1_20:
  1780  000B                     i1l690:
  1781                           
  1782                           ;__interrupt_isr.c: 15:     {;__interrupt_isr.c: 16:         LATCbits.LATC7 = ~LATCbits.
      +                          LATC7;
  1783  000B  1003               	clrc
  1784  000C  0022               	movlb	2	; select bank2
  1785  000D  1F8E               	btfss	14,7	;volatile
  1786  000E  1403               	setc
  1787  000F  1803               	btfsc	3,0
  1788  0010  2812               	goto	u2_21
  1789  0011  2815               	goto	u2_20
  1790  0012                     u2_21:
  1791  0012  0022               	movlb	2	; select bank2
  1792  0013  178E               	bsf	14,7	;volatile
  1793  0014  2817               	goto	u3_24
  1794  0015                     u2_20:
  1795  0015  0022               	movlb	2	; select bank2
  1796  0016  138E               	bcf	14,7	;volatile
  1797  0017                     u3_24:
  1798  0017                     i1l692:
  1799                           
  1800                           ;__interrupt_isr.c: 17:          TMR2 = 0;
  1801  0017  0020               	movlb	0	; select bank0
  1802  0018  019A               	clrf	26	;volatile
  1803  0019                     i1l694:
  1804                           
  1805                           ;__interrupt_isr.c: 21:     PIR1bits.TMR2IF = LO;
  1806  0019  1091               	bcf	17,1	;volatile
  1807  001A                     i1l62:
  1808  001A  107E               	bcf	int$flags,0	;clear compiler interrupt flag (level 1)
  1809  001B  0009               	retfie
  1810  001C                     __end_of_philippo:
  1811  007E                     btemp	set	126	;btemp
  1812  007E                     int$flags	set	126
  1813  007E                     wtemp0	set	126
  1814                           
  1815                           	psect	idloc
  1816                           
  1817                           ;Config register IDLOC0 @ 0x8000
  1818                           ;	unspecified, using default values
  1819  8000                     	org	32768
  1820  8000  3FFF               	dw	16383
  1821                           
  1822                           ;Config register IDLOC1 @ 0x8001
  1823                           ;	unspecified, using default values
  1824  8001                     	org	32769
  1825  8001  3FFF               	dw	16383
  1826                           
  1827                           ;Config register IDLOC2 @ 0x8002
  1828                           ;	unspecified, using default values
  1829  8002                     	org	32770
  1830  8002  3FFF               	dw	16383
  1831                           
  1832                           ;Config register IDLOC3 @ 0x8003
  1833                           ;	unspecified, using default values
  1834  8003                     	org	32771
  1835  8003  3FFF               	dw	16383
  1836                           
  1837                           	psect	config
  1838                           
  1839                           ;Config register CONFIG1 @ 0x8007
  1840                           ;	Oscillator Selection Bits
  1841                           ;	FOSC = INTOSC, INTOSC oscillator: I/O function on CLKIN pin
  1842                           ;	Watchdog Timer Enable
  1843                           ;	WDTE = OFF, WDT disabled
  1844                           ;	Power-up Timer Enable
  1845                           ;	PWRTE = OFF, PWRT disabled
  1846                           ;	MCLR Pin Function Select
  1847                           ;	MCLRE = ON, MCLR/VPP pin function is MCLR
  1848                           ;	Flash Program Memory Code Protection
  1849                           ;	CP = OFF, Program memory code protection is disabled
  1850                           ;	Brown-out Reset Enable
  1851                           ;	BOREN = ON, Brown-out Reset enabled
  1852                           ;	Clock Out Enable
  1853                           ;	CLKOUTEN = OFF, CLKOUT function is disabled. I/O or oscillator function on the CLKOUT 
      +                          pin
  1854                           ;	Internal/External Switchover Mode
  1855                           ;	IESO = ON, Internal/External Switchover Mode is enabled
  1856                           ;	Fail-Safe Clock Monitor Enable
  1857                           ;	FCMEN = ON, Fail-Safe Clock Monitor is enabled
  1858  8007                     	org	32775
  1859  8007  3FE4               	dw	16356
  1860                           
  1861                           ;Config register CONFIG2 @ 0x8008
  1862                           ;	Flash Memory Self-Write Protection
  1863                           ;	WRT = OFF, Write protection off
  1864                           ;	CPU System Clock Selection Bit
  1865                           ;	CPUDIV = CLKDIV6, CPU system clock divided by 6
  1866                           ;	USB Low SPeed Clock Selection bit
  1867                           ;	USBLSCLK = 48MHz, System clock expects 48 MHz, FS/LS USB CLKENs divide-by is set to 8.
  1868                           ;	PLL Multipler Selection Bit
  1869                           ;	PLLMULT = 3x, 3x Output Frequency Selected
  1870                           ;	PLL Enable Bit
  1871                           ;	PLLEN = ENABLED, 3x or 4x PLL Enabled
  1872                           ;	Stack Overflow/Underflow Reset Enable
  1873                           ;	STVREN = ON, Stack Overflow or Underflow will cause a Reset
  1874                           ;	Brown-out Reset Voltage Selection
  1875                           ;	BORV = LO, Brown-out Reset Voltage (Vbor), low trip point selected.
  1876                           ;	Low-Power Brown Out Reset
  1877                           ;	LPBOR = OFF, Low-Power BOR is disabled
  1878                           ;	Low-Voltage Programming Enable
  1879                           ;	LVP = ON, Low-voltage programming enabled
  1880  8008                     	org	32776
  1881  8008  3FFF               	dw	16383

Data Sizes:
    Strings     0
    Constant    0
    Data        0
    BSS         2
    Persistent  32
    Stack       0

Auto Spaces:
    Space          Size  Autos    Used
    COMMON           14      0       2
    BANK0            80      0       0
    BANK1            80      0       0
    BANK2            80      0       0
    BANK3            80      0       0
    BANK4            80      0       0
    BANK5            80      0       0
    BANK6            80      0       0
    BANK7            80      0       0
    BANK8            80      0       0
    BANK9            80      0       0
    BANK10           80      0       0
    BANK11           80      0       0
    BANK12           48      0       0

Pointer List with Targets:

    None.

Critical Paths under _main in COMMON

    None.

Critical Paths under _philippo in COMMON

    None.

Critical Paths under _main in BANK0

    None.

Critical Paths under _philippo in BANK0

    None.

Critical Paths under _main in BANK1

    None.

Critical Paths under _philippo in BANK1

    None.

Critical Paths under _main in BANK2

    None.

Critical Paths under _philippo in BANK2

    None.

Critical Paths under _main in BANK3

    None.

Critical Paths under _philippo in BANK3

    None.

Critical Paths under _main in BANK4

    None.

Critical Paths under _philippo in BANK4

    None.

Critical Paths under _main in BANK5

    None.

Critical Paths under _philippo in BANK5

    None.

Critical Paths under _main in BANK6

    None.

Critical Paths under _philippo in BANK6

    None.

Critical Paths under _main in BANK7

    None.

Critical Paths under _philippo in BANK7

    None.

Critical Paths under _main in BANK8

    None.

Critical Paths under _philippo in BANK8

    None.

Critical Paths under _main in BANK9

    None.

Critical Paths under _philippo in BANK9

    None.

Critical Paths under _main in BANK10

    None.

Critical Paths under _philippo in BANK10

    None.

Critical Paths under _main in BANK11

    None.

Critical Paths under _philippo in BANK11

    None.

Critical Paths under _main in BANK12

    None.

Critical Paths under _philippo in BANK12

    None.

Call Graph Tables:

 ---------------------------------------------------------------------------------
 (Depth) Function   	        Calls       Base Space   Used Autos Params    Refs
 ---------------------------------------------------------------------------------
 (0) _main                                                 0     0      0       0
                          _configOsc
                          _configPWM
                        _configPorts
                         _configTMR0
                    _debounce_switch
 ---------------------------------------------------------------------------------
 (1) _debounce_switch                                      0     0      0       0
 ---------------------------------------------------------------------------------
 (1) _configTMR0                                           0     0      0       0
 ---------------------------------------------------------------------------------
 (1) _configPorts                                          0     0      0       0
 ---------------------------------------------------------------------------------
 (1) _configPWM                                            0     0      0       0
 ---------------------------------------------------------------------------------
 (1) _configOsc                                            0     0      0       0
 ---------------------------------------------------------------------------------
 Estimated maximum stack depth 1
 ---------------------------------------------------------------------------------
 (Depth) Function   	        Calls       Base Space   Used Autos Params    Refs
 ---------------------------------------------------------------------------------
 (2) _philippo                                             0     0      0       0
 ---------------------------------------------------------------------------------
 Estimated maximum stack depth 2
 ---------------------------------------------------------------------------------

 Call Graph Graphs:

 _main (ROOT)
   _configOsc
   _configPWM
   _configPorts
   _configTMR0
   _debounce_switch

 _philippo (ROOT)

 Address spaces:
Name               Size   Autos  Total    Cost      Usage
BIGRAM             3F0      0       0       0        0.0%
NULL                 0      0       0       0        0.0%
CODE                 0      0       0       0        0.0%
BITCOMMON            E      0       0       1        0.0%
BITSFR0              0      0       0       1        0.0%
SFR0                 0      0       0       1        0.0%
COMMON               E      0       2       2       14.3%
BITSFR1              0      0       0       2        0.0%
SFR1                 0      0       0       2        0.0%
BITSFR2              0      0       0       3        0.0%
SFR2                 0      0       0       3        0.0%
STACK                0      0       0       3        0.0%
BITBANK0            50      0       0       4        0.0%
BITSFR3              0      0       0       4        0.0%
SFR3                 0      0       0       4        0.0%
BANK0               50      0       0       5        0.0%
BITSFR4              0      0       0       5        0.0%
SFR4                 0      0       0       5        0.0%
BITBANK1            50      0       0       6        0.0%
BITSFR5              0      0       0       6        0.0%
SFR5                 0      0       0       6        0.0%
BANK1               50      0       0       7        0.0%
BITSFR6              0      0       0       7        0.0%
SFR6                 0      0       0       7        0.0%
BITBANK2            50      0       0       8        0.0%
BITSFR7              0      0       0       8        0.0%
SFR7                 0      0       0       8        0.0%
BANK2               50      0       0       9        0.0%
BITSFR8              0      0       0       9        0.0%
SFR8                 0      0       0       9        0.0%
BITBANK3            50      0       0      10        0.0%
BITSFR9              0      0       0      10        0.0%
SFR9                 0      0       0      10        0.0%
BANK3               50      0       0      11        0.0%
BITSFR10             0      0       0      11        0.0%
SFR10                0      0       0      11        0.0%
BITBANK4            50      0       0      12        0.0%
BITSFR11             0      0       0      12        0.0%
SFR11                0      0       0      12        0.0%
BANK4               50      0       0      13        0.0%
BITSFR12             0      0       0      13        0.0%
SFR12                0      0       0      13        0.0%
BITBANK5            50      0       0      14        0.0%
BITSFR13             0      0       0      14        0.0%
SFR13                0      0       0      14        0.0%
BANK5               50      0       0      15        0.0%
BITSFR14             0      0       0      15        0.0%
SFR14                0      0       0      15        0.0%
BITBANK6            50      0       0      16        0.0%
BITSFR15             0      0       0      16        0.0%
SFR15                0      0       0      16        0.0%
BANK6               50      0       0      17        0.0%
BITSFR16             0      0       0      17        0.0%
SFR16                0      0       0      17        0.0%
BITBANK7            50      0       0      18        0.0%
BITSFR17             0      0       0      18        0.0%
SFR17                0      0       0      18        0.0%
BANK7               50      0       0      19        0.0%
BITSFR18             0      0       0      19        0.0%
SFR18                0      0       0      19        0.0%
BITSFR19             0      0       0      20        0.0%
SFR19                0      0       0      20        0.0%
ABS                  0      0       2      20        0.0%
BITBANK8            50      0       0      21        0.0%
BITSFR20             0      0       0      21        0.0%
SFR20                0      0       0      21        0.0%
BANK8               50      0       0      22        0.0%
BITSFR21             0      0       0      22        0.0%
SFR21                0      0       0      22        0.0%
BITBANK9            50      0       0      23        0.0%
BITSFR22             0      0       0      23        0.0%
SFR22                0      0       0      23        0.0%
BANK9               50      0       0      24        0.0%
BITSFR23             0      0       0      24        0.0%
SFR23                0      0       0      24        0.0%
BITBANK10           50      0       0      25        0.0%
BITSFR24             0      0       0      25        0.0%
SFR24                0      0       0      25        0.0%
BANK10              50      0       0      26        0.0%
BITSFR25             0      0       0      26        0.0%
SFR25                0      0       0      26        0.0%
BITBANK11           50      0       0      27        0.0%
BITSFR26             0      0       0      27        0.0%
SFR26                0      0       0      27        0.0%
BANK11              50      0       0      28        0.0%
BITSFR27             0      0       0      28        0.0%
SFR27                0      0       0      28        0.0%
BITBANK12           30      0       0      29        0.0%
BITSFR28             0      0       0      29        0.0%
SFR28                0      0       0      29        0.0%
BANK12              30      0       0      30        0.0%
BITSFR29             0      0       0      30        0.0%
SFR29                0      0       0      30        0.0%
BITSFR30             0      0       0      31        0.0%
SFR30                0      0       0      31        0.0%
DATA                 0      0       2      31        0.0%
BITSFR31             0      0       0      32        0.0%
SFR31                0      0       0      32        0.0%


Microchip Technology PIC Macro Assembler V2.36 build 20220127204148 
Symbol Table                                                                                   Thu Sep 28 15:15:55 2023

                     l41 006A                       l17 004E                       l18 004E  
                     l48 0071                       l73 005D                      l100 003E  
                    l105 0072                      l650 0069                      l644 006B  
                    l660 0029                      l652 0051                      l670 0034  
                    l662 002A                      l646 005E                      l654 005B  
                    l680 003C                      l672 0036                      l664 002D  
                    l656 0024                      l648 0067                      l674 0037  
                    l666 002F                      l658 0027                      l682 003F  
                    l676 0039                      l668 0032                      l684 0048  
                    l678 003B                      l686 004B                      _PR2 001B  
                   i1l62 001A                     _TMR0 0015                     _TMR2 001A  
                   u1_20 000B                     u1_21 000A                     u2_20 0015  
                   u2_21 0012                     u3_24 0017                     _main 003F  
                   _duty 0070                     btemp 007E                     start 001C  
                  ?_main 0000                    i1l690 000B                    i1l692 0017  
                  i1l694 0019                    i1l688 0006                    status 0003  
                  wtemp0 007E          __initialization 001E        ??_debounce_switch 0000  
           __end_of_main 0051                   ??_main 0000                   _ANSELA 018C  
                 _ANSELB 018D                   _ANSELC 018E         __end_of_philippo 001C  
__end_of__initialization 0020           __pcstackCOMMON 0000           _OPTION_REGbits 0095  
             __pmaintext 003F               __pintentry 0004                  _CM1CON0 0111  
                _CM1CON1 0112                  _CM2CON0 0113                  _CM2CON1 0114  
             _configTMR0 0051                  _PWM1DCH 0612                  _PWM1DCL 0611  
                _PWM1CON 0613          _debounce_switch 0072                ?_philippo 0000  
      __end_of_configPWM 003F        __end_of_configOsc 0072                  __ptext1 0072  
                __ptext2 0051                  __ptext3 005E                  __ptext4 0024  
                __ptext5 006B                _T2CONbits 001C                _IOCANbits 0392  
              _IOCAPbits 0391     end_of_initialization 0020               ??_philippo 0000  
              _PORTAbits 000C              ?_configTMR0 0000  __end_of_debounce_switch 0073  
              _TRISCbits 008E            ??_configPorts 0000      start_initialization 001E  
    __end_of_configPorts 006B              __pbssCOMMON 0070                ___latbits 0002  
       ?_debounce_switch 0000                _configPWM 0024                _configOsc 006B  
               _LATCbits 010E                 _PIE1bits 0091              _configPorts 005E  
               _PIR1bits 0011               ?_configPWM 0000               ?_configOsc 0000  
           ??_configTMR0 0000       __end_of_configTMR0 005E                 _philippo 0004  
               int$flags 007E              ??_configPWM 0000              ??_configOsc 0000  
             _INTCONbits 000B              _PWM1CONbits 0613                 intlevel1 0000  
             _OSCCONbits 0099             ?_configPorts 0000  
